SQL> 
SQL> 
SQL> ed
Wrote file afiedt.buf

  1  create sequence seq_pid
  2  increment by 1
  3  start with 1
  4  maxvalue 99999
  5  minvalue 1
  6  nocycle
  7  cache 100
  8* order
SQL> /

Sequence created.

Elapsed: 00:00:00.04
SQL> 
SQL> ed
Wrote file afiedt.buf

  1  create table tab_p_test
  2  (
  3      pid        number(5)
  4    , pdate      date
  5    , status     char(1)
  6* )
SQL> /

Table created.

Elapsed: 00:00:00.04
SQL> 
SQL> 
SQL> ed
Wrote file afiedt.buf

  1  declare
  2      sdate          varchar2(30);
  3      edate          varchar2(30);
  4      insert_rows    number(10);
  5  begin
  6      select to_char( sysdate, 'yyyy/mm/dd hh24:mi:ss' ) into sdate from dual;
  7      insert_rows := 0;
  8      for i in 1..99999 loop
  9          insert into tab_p_test values ( seq_pid.nextval, sysdate, DBMS_RANDOM.STRING( 'a', 1 ) );
 10          insert_rows := insert_rows + 1;
 11          if mod( insert_rows, 100 ) = 0 then
 12              commit;
 13          end if;
 14      end loop;
 15      commit;
 16      select to_char( sysdate, 'yyyy/mm/dd hh24:mi:ss' ) into edate from dual;
 17      DBMS_OUTPUT.PUT_LINE( 'START[' || sdate || '] end[' || edate || ']');
 18  exception
 19      when others then
 20          DBMS_OUTPUT.PUT_LINE( sqlerrm );
 21          rollback;
 22* end;
 23  /

PL/SQL procedure successfully completed.

Elapsed: 00:00:06.13
SQL> 
SQL> 
SQL> drop table tab_p_test purge;

Table dropped.

Elapsed: 00:00:00.23
SQL> drop sequence seq_pid;

Sequence dropped.

Elapsed: 00:00:00.02
SQL> @uobj
Enter value for owner: test01

no rows selected

Elapsed: 00:00:00.07
SQL> 
SQL> 
SQL> 
SQL> 
SQL> 
SQL> 
SQL> 
SQL> spool off
